#
# A fatal error has been detected by the Java Runtime Environment:
#
#  EXCEPTION_ACCESS_VIOLATION (0xc0000005) at pc=0x000000005bc4a3c5, pid=7252, tid=8164
#
# JRE version: Java(TM) SE Runtime Environment (8.0_25-b18) (build 1.8.0_25-b18)
# Java VM: Java HotSpot(TM) 64-Bit Server VM (25.25-b02 mixed mode windows-amd64 compressed oops)
# Problematic frame:
# V  [jvm.dll+0x11a3c5]
#
# Failed to write core dump. Minidumps are not enabled by default on client versions of Windows
#
# If you would like to submit a bug report, please visit:
#   http://bugreport.sun.com/bugreport/crash.jsp
#

---------------  T H R E A D  ---------------

Current thread (0x0000000015eb2000):  JavaThread "JDWP Transport Listener: dt_socket" daemon [_thread_in_vm, id=8164, stack(0x00000000170c0000,0x00000000171c0000)]

siginfo: ExceptionCode=0xc0000005, reading address 0xffffffffffffffff

Registers:
RAX=0x00000000171bf701, RBX=0x0000000015eb2000, RCX=0x656a624f2f676e61, RDX=0x0000000000000000
RSP=0x00000000171bf730, RBP=0x656a624f2f676e61, RSI=0x00000000171bf848, RDI=0x0000000000d5dd10
R8 =0x0000000015eb2000, R9 =0x0000000000008000, R10=0x0000000000000000, R11=0x00000000171bf981
R12=0x0000000000000000, R13=0x0000000015ea7c28, R14=0x0000000000000000, R15=0x0000000000000000
RIP=0x000000005bc4a3c5, EFLAGS=0x0000000000010202

Top of Stack: (sp=0x00000000171bf730)
0x00000000171bf730:   0000000015eb2000 0000000015eb2000
0x00000000171bf740:   00000000171bf7f8 000000005be478db
0x00000000171bf750:   0000000015eb2000 000000005be6413d
0x00000000171bf760:   0000000000000000 000000005b779149
0x00000000171bf770:   0000000017f6b6a0 000000005b782912
0x00000000171bf780:   0000000015eb2000 0000000000000000
0x00000000171bf790:   0000000000000000 0000000000000000
0x00000000171bf7a0:   656a624f2f676e61 000000005b781a09
0x00000000171bf7b0:   00000000171bf848 00000000171bf820
0x00000000171bf7c0:   0000000000000001 0000000017f6b6a0
0x00000000171bf7d0:   656a624f2f676e61 000000005b7653b3
0x00000000171bf7e0:   00000000171bf910 0000000000000001
0x00000000171bf7f0:   0000000000000001 0000000017f6b6a0
0x00000000171bf800:   0000000000000001 0000000000000000
0x00000000171bf810:   0000000000000000 0000000000000000
0x00000000171bf820:   0000000000000001 000000005b765571 

Instructions: (pc=0x000000005bc4a3c5)
0x000000005bc4a3a5:   cc cc cc cc cc cc cc cc cc cc cc 48 83 ec 28 48
0x000000005bc4a3b5:   85 c9 75 07 33 c0 48 83 c4 28 c3 48 89 5c 24 20
0x000000005bc4a3c5:   48 8b 19 48 85 db 74 20 48 83 fb 37 74 1a 48 8b
0x000000005bc4a3d5:   13 48 8b cb ff 52 10 84 c0 74 0d 48 8b c3 48 8b 


Register to memory mapping:

RAX=0x00000000171bf701 is pointing into the stack for thread: 0x0000000015eb2000
RBX=0x0000000015eb2000 is a thread
RCX=0x656a624f2f676e61 is an unknown value
RDX=0x0000000000000000 is an unknown value
RSP=0x00000000171bf730 is pointing into the stack for thread: 0x0000000015eb2000
RBP=0x656a624f2f676e61 is an unknown value
RSI=0x00000000171bf848 is pointing into the stack for thread: 0x0000000015eb2000
RDI=0x0000000000d5dd10 is an unknown value
R8 =0x0000000015eb2000 is a thread
R9 =0x0000000000008000 is an unknown value
R10=0x0000000000000000 is an unknown value
R11=0x00000000171bf981 is pointing into the stack for thread: 0x0000000015eb2000
R12=0x0000000000000000 is an unknown value
R13=0x0000000015ea7c28 is an unknown value
R14=0x0000000000000000 is an unknown value
R15=0x0000000000000000 is an unknown value


Stack: [0x00000000170c0000,0x00000000171c0000],  sp=0x00000000171bf730,  free space=1021k
Native frames: (J=compiled Java code, j=interpreted, Vv=VM code, C=native code)
V  [jvm.dll+0x11a3c5]
V  [jvm.dll+0x33413d]
C  [jdwp.dll+0x21a09]
C  [jdwp.dll+0x53b3]
C  [jdwp.dll+0x5571]
C  [jdwp.dll+0xf09c]
C  [jdwp.dll+0x1f2c9]
C  [jdwp.dll+0x1f49e]
V  [jvm.dll+0x1abba8]
V  [jvm.dll+0x22bde4]
V  [jvm.dll+0x2852fa]
C  [msvcr100.dll+0x21d9f]
C  [msvcr100.dll+0x21e3b]
C  [KERNEL32.DLL+0x168d]
C  [ntdll.dll+0x74629]


---------------  P R O C E S S  ---------------

Java Threads: ( => current thread )
  0x000000001c340000 JavaThread "DestroyJavaVM" [_thread_blocked, id=7604, stack(0x0000000002530000,0x0000000002630000)]
  0x000000001c341000 JavaThread "http-nio-8099-Acceptor" daemon [_thread_in_native, id=2732, stack(0x000000001ea60000,0x000000001eb60000)]
  0x000000001c33d000 JavaThread "http-nio-8099-ClientPoller" daemon [_thread_in_native, id=664, stack(0x000000001e960000,0x000000001ea60000)]
  0x000000001c33f800 JavaThread "http-nio-8099-exec-10" daemon [_thread_blocked, id=6232, stack(0x000000001e860000,0x000000001e960000)]
  0x000000001c33e800 JavaThread "http-nio-8099-exec-9" daemon [_thread_blocked, id=4196, stack(0x000000001e760000,0x000000001e860000)]
  0x000000001c339800 JavaThread "http-nio-8099-exec-8" daemon [_thread_blocked, id=4436, stack(0x000000001e660000,0x000000001e760000)]
  0x000000001c33b800 JavaThread "http-nio-8099-exec-7" daemon [_thread_blocked, id=5104, stack(0x000000001e560000,0x000000001e660000)]
  0x000000001c33c800 JavaThread "http-nio-8099-exec-6" daemon [_thread_blocked, id=6700, stack(0x000000001e460000,0x000000001e560000)]
  0x000000001c33b000 JavaThread "http-nio-8099-exec-5" daemon [_thread_blocked, id=6084, stack(0x000000001e360000,0x000000001e460000)]
  0x000000001c33a000 JavaThread "http-nio-8099-exec-4" daemon [_thread_blocked, id=4112, stack(0x000000001e260000,0x000000001e360000)]
  0x0000000019ba7800 JavaThread "http-nio-8099-exec-3" daemon [_thread_blocked, id=5244, stack(0x000000001e160000,0x000000001e260000)]
  0x0000000019ba8000 JavaThread "http-nio-8099-exec-2" daemon [_thread_blocked, id=5624, stack(0x000000001e060000,0x000000001e160000)]
  0x0000000019ba6000 JavaThread "http-nio-8099-exec-1" daemon [_thread_blocked, id=5868, stack(0x000000001df60000,0x000000001e060000)]
  0x0000000019ba6800 JavaThread "http-nio-8099-BlockPoller" daemon [_thread_in_native, id=8064, stack(0x000000001de60000,0x000000001df60000)]
  0x0000000019ba2000 JavaThread "File Watcher" daemon [_thread_blocked, id=2356, stack(0x000000001d860000,0x000000001d960000)]
  0x0000000019ba5000 JavaThread "Live Reload Server" daemon [_thread_in_native, id=4232, stack(0x000000001d960000,0x000000001da60000)]
  0x0000000019ba1800 JavaThread "container-0" [_thread_blocked, id=4660, stack(0x000000001bb90000,0x000000001bc90000)]
  0x0000000019ba3800 JavaThread "Catalina-utility-2" [_thread_blocked, id=7164, stack(0x000000001ba90000,0x000000001bb90000)]
  0x0000000019ba3000 JavaThread "Catalina-utility-1" [_thread_blocked, id=7128, stack(0x000000001b990000,0x000000001ba90000)]
  0x0000000019c15000 JavaThread "RMI TCP Connection(3)-127.0.0.1" daemon [_thread_in_native, id=2708, stack(0x000000001b890000,0x000000001b990000)]
  0x0000000019b19800 JavaThread "HikariPool-1 housekeeper" daemon [_thread_blocked, id=7008, stack(0x000000001b590000,0x000000001b690000)]
  0x0000000019ab0800 JavaThread "mysql-cj-abandoned-connection-cleanup" daemon [_thread_blocked, id=7784, stack(0x000000001b290000,0x000000001b390000)]
  0x0000000019255000 JavaThread "RMI Scheduler(0)" daemon [_thread_blocked, id=240, stack(0x000000001a890000,0x000000001a990000)]
  0x0000000019250000 JavaThread "RMI TCP Connection(idle)" daemon [_thread_blocked, id=3460, stack(0x000000001a390000,0x000000001a490000)]
  0x0000000017c5c000 JavaThread "RMI TCP Accept-0" daemon [_thread_in_native, id=6468, stack(0x00000000184c0000,0x00000000185c0000)]
  0x0000000017c58800 JavaThread "RMI TCP Accept-63289" daemon [_thread_in_native, id=3832, stack(0x00000000183c0000,0x00000000184c0000)]
  0x0000000017c4a000 JavaThread "RMI TCP Accept-0" daemon [_thread_in_native, id=7940, stack(0x00000000182c0000,0x00000000183c0000)]
  0x00000000177ba800 JavaThread "Service Thread" daemon [_thread_blocked, id=6156, stack(0x00000000179c0000,0x0000000017ac0000)]
  0x000000001774a800 JavaThread "C1 CompilerThread1" daemon [_thread_blocked, id=6968, stack(0x00000000178c0000,0x00000000179c0000)]
  0x000000001774a000 JavaThread "C2 CompilerThread0" daemon [_thread_blocked, id=4992, stack(0x00000000177c0000,0x00000000178c0000)]
  0x0000000015eb5000 JavaThread "JDWP Command Reader" daemon [_thread_in_native, id=3424, stack(0x00000000172c0000,0x00000000173c0000)]
  0x0000000015eb3800 JavaThread "JDWP Event Helper Thread" daemon [_thread_blocked, id=6740, stack(0x00000000171c0000,0x00000000172c0000)]
=>0x0000000015eb2000 JavaThread "JDWP Transport Listener: dt_socket" daemon [_thread_in_vm, id=8164, stack(0x00000000170c0000,0x00000000171c0000)]
  0x0000000015e9f800 JavaThread "Attach Listener" daemon [_thread_blocked, id=6856, stack(0x0000000016ce0000,0x0000000016de0000)]
  0x0000000015e9e000 JavaThread "Signal Dispatcher" daemon [_thread_blocked, id=5796, stack(0x0000000016be0000,0x0000000016ce0000)]
  0x00000000028c4800 JavaThread "Finalizer" daemon [_thread_blocked, id=5024, stack(0x0000000016ae0000,0x0000000016be0000)]
  0x00000000028bd800 JavaThread "Reference Handler" daemon [_thread_blocked, id=4352, stack(0x00000000169e0000,0x0000000016ae0000)]

Other Threads:
  0x0000000015e65800 VMThread [stack: 0x00000000168e0000,0x00000000169e0000] [id=8104]
  0x0000000017c5d000 WatcherThread [stack: 0x00000000185c0000,0x00000000186c0000] [id=6068]

VM state:not at safepoint (normal execution)

VM Mutex/Monitor currently owned by a thread: None

Heap:
 PSYoungGen      total 298496K, used 42884K [0x00000000e0d00000, 0x00000000fb880000, 0x0000000100000000)
  eden space 286720K, 10% used [0x00000000e0d00000,0x00000000e2b65a80,0x00000000f2500000)
  from space 11776K, 99% used [0x00000000f2500000,0x00000000f307b608,0x00000000f3080000)
  to   space 15872K, 0% used [0x00000000fa900000,0x00000000fa900000,0x00000000fb880000)
 ParOldGen       total 55808K, used 23466K [0x00000000a2600000, 0x00000000a5c80000, 0x00000000e0d00000)
  object space 55808K, 42% used [0x00000000a2600000,0x00000000a3ceabb8,0x00000000a5c80000)
 Metaspace       used 49074K, capacity 51838K, committed 52096K, reserved 1093632K
  class space    used 6773K, capacity 7240K, committed 7296K, reserved 1048576K

Card table byte_map: [0x0000000011c90000,0x0000000011f80000] byte_map_base: 0x000000001177d000

Marking Bits: (ParMarkBitMap*) 0x000000005c30d490
 Begin Bits: [0x0000000012380000, 0x0000000013ae8000)
 End Bits:   [0x0000000013ae8000, 0x0000000015250000)

Polling page: 0x0000000000cd0000

CodeCache: size=245760Kb used=9201Kb max_used=9201Kb free=236558Kb
 bounds [0x00000000028d0000, 0x00000000031d0000, 0x00000000118d0000]
 total_blobs=5071 nmethods=4542 adapters=449
 compilation: enabled

Compilation events (10 events):
Event: 32.950 Thread 0x000000001774a800 4582   !   1       java.net.AbstractPlainSocketImpl::acquireFD (29 bytes)
Event: 32.950 Thread 0x000000001774a800 nmethod 4582 0x00000000031cc610 code [0x00000000031cc780, 0x00000000031cca30]
Event: 32.953 Thread 0x000000001774a800 4583       1       java.net.AbstractPlainSocketImpl::getTimeout (5 bytes)
Event: 32.953 Thread 0x000000001774a800 nmethod 4583 0x00000000031ccb10 code [0x00000000031ccc60, 0x00000000031ccd70]
Event: 36.450 Thread 0x000000001774a800 4584   !   1       java.net.AbstractPlainSocketImpl::releaseFD (74 bytes)
Event: 36.450 Thread 0x000000001774a800 nmethod 4584 0x00000000031ccdd0 code [0x00000000031ccf40, 0x00000000031cd308]
Event: 36.450 Thread 0x000000001774a800 4585       1       java.io.FilterInputStream::read (8 bytes)
Event: 36.450 Thread 0x000000001774a800 nmethod 4585 0x00000000031cd490 code [0x00000000031cd5e0, 0x00000000031cd728]
Event: 36.450 Thread 0x000000001774a800 4586       1       java.io.ObjectStreamField::setOffset (6 bytes)
Event: 36.450 Thread 0x000000001774a800 nmethod 4586 0x00000000031cd790 code [0x00000000031cd8e0, 0x00000000031cd9f0]

GC Heap History (10 events):
Event: 2.997 GC heap before
{Heap before GC invocations=9 (full 1):
 PSYoungGen      total 200704K, used 3800K [0x00000000e0d00000, 0x00000000ed900000, 0x0000000100000000)
  eden space 193536K, 0% used [0x00000000e0d00000,0x00000000e0d00000,0x00000000eca00000)
  from space 7168K, 53% used [0x00000000ed200000,0x00000000ed5b63e0,0x00000000ed900000)
  to   space 7680K, 0% used [0x00000000eca00000,0x00000000eca00000,0x00000000ed180000)
 ParOldGen       total 64512K, used 5781K [0x00000000a2600000, 0x00000000a6500000, 0x00000000e0d00000)
  object space 64512K, 8% used [0x00000000a2600000,0x00000000a2ba56c8,0x00000000a6500000)
 Metaspace       used 20396K, capacity 21174K, committed 21296K, reserved 1067008K
  class space    used 2657K, capacity 2853K, committed 2944K, reserved 1048576K
Event: 3.050 GC heap after
Heap after GC invocations=9 (full 1):
 PSYoungGen      total 200704K, used 0K [0x00000000e0d00000, 0x00000000ed900000, 0x0000000100000000)
  eden space 193536K, 0% used [0x00000000e0d00000,0x00000000e0d00000,0x00000000eca00000)
  from space 7168K, 0% used [0x00000000ed200000,0x00000000ed200000,0x00000000ed900000)
  to   space 7680K, 0% used [0x00000000eca00000,0x00000000eca00000,0x00000000ed180000)
 ParOldGen       total 36864K, used 6330K [0x00000000a2600000, 0x00000000a4a00000, 0x00000000e0d00000)
  object space 36864K, 17% used [0x00000000a2600000,0x00000000a2c2ea80,0x00000000a4a00000)
 Metaspace       used 20394K, capacity 21172K, committed 21296K, reserved 1067008K
  class space    used 2657K, capacity 2852K, committed 2944K, reserved 1048576K
}
Event: 4.752 GC heap before
{Heap before GC invocations=10 (full 1):
 PSYoungGen      total 200704K, used 193521K [0x00000000e0d00000, 0x00000000ed900000, 0x0000000100000000)
  eden space 193536K, 99% used [0x00000000e0d00000,0x00000000ec9fc7a8,0x00000000eca00000)
  from space 7168K, 0% used [0x00000000ed200000,0x00000000ed200000,0x00000000ed900000)
  to   space 7680K, 0% used [0x00000000eca00000,0x00000000eca00000,0x00000000ed180000)
 ParOldGen       total 36864K, used 6330K [0x00000000a2600000, 0x00000000a4a00000, 0x00000000e0d00000)
  object space 36864K, 17% used [0x00000000a2600000,0x00000000a2c2ea80,0x00000000a4a00000)
 Metaspace       used 26815K, capacity 28504K, committed 28800K, reserved 1075200K
  class space    used 3606K, capacity 3912K, committed 3968K, reserved 1048576K
Event: 4.779 GC heap after
Heap after GC invocations=10 (full 1):
 PSYoungGen      total 201216K, used 7662K [0x00000000e0d00000, 0x00000000f3c00000, 0x0000000100000000)
  eden space 193536K, 0% used [0x00000000e0d00000,0x00000000e0d00000,0x00000000eca00000)
  from space 7680K, 99% used [0x00000000eca00000,0x00000000ed17b9d8,0x00000000ed180000)
  to   space 9728K, 0% used [0x00000000f3280000,0x00000000f3280000,0x00000000f3c00000)
 ParOldGen       total 36864K, used 9267K [0x00000000a2600000, 0x00000000a4a00000, 0x00000000e0d00000)
  object space 36864K, 25% used [0x00000000a2600000,0x00000000a2f0ce00,0x00000000a4a00000)
 Metaspace       used 26815K, capacity 28504K, committed 28800K, reserved 1075200K
  class space    used 3606K, capacity 3912K, committed 3968K, reserved 1048576K
}
Event: 5.886 GC heap before
{Heap before GC invocations=11 (full 1):
 PSYoungGen      total 201216K, used 150264K [0x00000000e0d00000, 0x00000000f3c00000, 0x0000000100000000)
  eden space 193536K, 73% used [0x00000000e0d00000,0x00000000e98426f0,0x00000000eca00000)
  from space 7680K, 99% used [0x00000000eca00000,0x00000000ed17b9d8,0x00000000ed180000)
  to   space 9728K, 0% used [0x00000000f3280000,0x00000000f3280000,0x00000000f3c00000)
 ParOldGen       total 36864K, used 9267K [0x00000000a2600000, 0x00000000a4a00000, 0x00000000e0d00000)
  object space 36864K, 25% used [0x00000000a2600000,0x00000000a2f0ce00,0x00000000a4a00000)
 Metaspace       used 33461K, capacity 35278K, committed 35456K, reserved 1079296K
  class space    used 4333K, capacity 4671K, committed 4736K, reserved 1048576K
Event: 5.901 GC heap after
Heap after GC invocations=11 (full 1):
 PSYoungGen      total 296448K, used 9702K [0x00000000e0d00000, 0x00000000f3c00000, 0x0000000100000000)
  eden space 286720K, 0% used [0x00000000e0d00000,0x00000000e0d00000,0x00000000f2500000)
  from space 9728K, 99% used [0x00000000f3280000,0x00000000f3bf99c8,0x00000000f3c00000)
  to   space 11776K, 0% used [0x00000000f2500000,0x00000000f2500000,0x00000000f3080000)
 ParOldGen       total 36864K, used 10798K [0x00000000a2600000, 0x00000000a4a00000, 0x00000000e0d00000)
  object space 36864K, 29% used [0x00000000a2600000,0x00000000a308bb00,0x00000000a4a00000)
 Metaspace       used 33461K, capacity 35278K, committed 35456K, reserved 1079296K
  class space    used 4333K, capacity 4671K, committed 4736K, reserved 1048576K
}
Event: 5.901 GC heap before
{Heap before GC invocations=12 (full 2):
 PSYoungGen      total 296448K, used 9702K [0x00000000e0d00000, 0x00000000f3c00000, 0x0000000100000000)
  eden space 286720K, 0% used [0x00000000e0d00000,0x00000000e0d00000,0x00000000f2500000)
  from space 9728K, 99% used [0x00000000f3280000,0x00000000f3bf99c8,0x00000000f3c00000)
  to   space 11776K, 0% used [0x00000000f2500000,0x00000000f2500000,0x00000000f3080000)
 ParOldGen       total 36864K, used 10798K [0x00000000a2600000, 0x00000000a4a00000, 0x00000000e0d00000)
  object space 36864K, 29% used [0x00000000a2600000,0x00000000a308bb00,0x00000000a4a00000)
 Metaspace       used 33461K, capacity 35278K, committed 35456K, reserved 1079296K
  class space    used 4333K, capacity 4671K, committed 4736K, reserved 1048576K
Event: 5.992 GC heap after
Heap after GC invocations=12 (full 2):
 PSYoungGen      total 296448K, used 0K [0x00000000e0d00000, 0x00000000f3c00000, 0x0000000100000000)
  eden space 286720K, 0% used [0x00000000e0d00000,0x00000000e0d00000,0x00000000f2500000)
  from space 9728K, 0% used [0x00000000f3280000,0x00000000f3280000,0x00000000f3c00000)
  to   space 11776K, 0% used [0x00000000f2500000,0x00000000f2500000,0x00000000f3080000)
 ParOldGen       total 55808K, used 16415K [0x00000000a2600000, 0x00000000a5c80000, 0x00000000e0d00000)
  object space 55808K, 29% used [0x00000000a2600000,0x00000000a3607dd0,0x00000000a5c80000)
 Metaspace       used 33461K, capacity 35278K, committed 35456K, reserved 1079296K
  class space    used 4333K, capacity 4671K, committed 4736K, reserved 1048576K
}
Event: 8.936 GC heap before
{Heap before GC invocations=13 (full 2):
 PSYoungGen      total 296448K, used 286720K [0x00000000e0d00000, 0x00000000f3c00000, 0x0000000100000000)
  eden space 286720K, 100% used [0x00000000e0d00000,0x00000000f2500000,0x00000000f2500000)
  from space 9728K, 0% used [0x00000000f3280000,0x00000000f3280000,0x00000000f3c00000)
  to   space 11776K, 0% used [0x00000000f2500000,0x00000000f2500000,0x00000000f3080000)
 ParOldGen       total 55808K, used 16415K [0x00000000a2600000, 0x00000000a5c80000, 0x00000000e0d00000)
  object space 55808K, 29% used [0x00000000a2600000,0x00000000a3607dd0,0x00000000a5c80000)
 Metaspace       used 48901K, capacity 51688K, committed 51840K, reserved 1093632K
  class space    used 6743K, capacity 7223K, committed 7296K, reserved 1048576K
Event: 8.962 GC heap after
Heap after GC invocations=13 (full 2):
 PSYoungGen      total 298496K, used 11757K [0x00000000e0d00000, 0x00000000fb880000, 0x0000000100000000)
  eden space 286720K, 0% used [0x00000000e0d00000,0x00000000e0d00000,0x00000000f2500000)
  from space 11776K, 99% used [0x00000000f2500000,0x00000000f307b608,0x00000000f3080000)
  to   space 15872K, 0% used [0x00000000fa900000,0x00000000fa900000,0x00000000fb880000)
 ParOldGen       total 55808K, used 23466K [0x00000000a2600000, 0x00000000a5c80000, 0x00000000e0d00000)
  object space 55808K, 42% used [0x00000000a2600000,0x00000000a3ceabb8,0x00000000a5c80000)
 Metaspace       used 48901K, capacity 51688K, committed 51840K, reserved 1093632K
  class space    used 6743K, capacity 7223K, committed 7296K, reserved 1048576K
}

Deoptimization events (0 events):
No events

Internal exceptions (10 events):
Event: 32.940 Thread 0x0000000019c15000 Exception <a 'java/lang/ClassNotFoundException': org/springframework/context/support/LiveBeansView> (0x00000000e25c3f80) thrown at [D:\re\workspace\8-2-build-windows-amd64-cygwin\jdk8u25\1677\hotspot\src\share\vm\classfile\systemDictionary.cpp, line 202]
Event: 32.940 Thread 0x0000000019c15000 Exception <a 'java/lang/ClassNotFoundException': org/springframework/context/support/LiveBeansView> (0x00000000e25c4248) thrown at [D:\re\workspace\8-2-build-windows-amd64-cygwin\jdk8u25\1677\hotspot\src\share\vm\classfile\systemDictionary.cpp, line 202]
Event: 32.941 Thread 0x0000000019c15000 Exception <a 'java/lang/ClassNotFoundException': org/springframework/context/support/LiveBeansView> (0x00000000e25c4528) thrown at [D:\re\workspace\8-2-build-windows-amd64-cygwin\jdk8u25\1677\hotspot\src\share\vm\classfile\systemDictionary.cpp, line 202]
Event: 32.941 Thread 0x0000000019c15000 Exception <a 'java/lang/ClassNotFoundException': org/springframework/context/support/LiveBeansView> (0x00000000e25c4800) thrown at [D:\re\workspace\8-2-build-windows-amd64-cygwin\jdk8u25\1677\hotspot\src\share\vm\classfile\systemDictionary.cpp, line 202]
Event: 32.941 Thread 0x0000000019c15000 Exception <a 'java/lang/ClassNotFoundException': org/springframework/context/support/LiveBeansView> (0x00000000e25c4bc8) thrown at [D:\re\workspace\8-2-build-windows-amd64-cygwin\jdk8u25\1677\hotspot\src\share\vm\classfile\systemDictionary.cpp, line 202]
Event: 32.941 Thread 0x0000000019c15000 Exception <a 'java/lang/ClassNotFoundException': org/springframework/context/support/LiveBeansView> (0x00000000e25c4ea0) thrown at [D:\re\workspace\8-2-build-windows-amd64-cygwin\jdk8u25\1677\hotspot\src\share\vm\classfile\systemDictionary.cpp, line 202]
Event: 32.941 Thread 0x0000000019c15000 Exception <a 'java/lang/ClassNotFoundException': org/springframework/context/support/LiveBeansView> (0x00000000e25c51a8) thrown at [D:\re\workspace\8-2-build-windows-amd64-cygwin\jdk8u25\1677\hotspot\src\share\vm\classfile\systemDictionary.cpp, line 202]
Event: 32.944 Thread 0x0000000019c15000 Exception <a 'java/lang/ClassNotFoundException': org/springframework/context/support/LiveBeansView> (0x00000000e25e3528) thrown at [D:\re\workspace\8-2-build-windows-amd64-cygwin\jdk8u25\1677\hotspot\src\share\vm\classfile\systemDictionary.cpp, line 202]
Event: 32.944 Thread 0x0000000019c15000 Exception <a 'java/lang/ClassNotFoundException': org/springframework/context/support/LiveBeansView> (0x00000000e25e3828) thrown at [D:\re\workspace\8-2-build-windows-amd64-cygwin\jdk8u25\1677\hotspot\src\share\vm\classfile\systemDictionary.cpp, line 202]
Event: 32.944 Thread 0x0000000019c15000 Exception <a 'java/lang/ClassNotFoundException': org/springframework/context/support/LiveBeansView> (0x00000000e25e3be0) thrown at [D:\re\workspace\8-2-build-windows-amd64-cygwin\jdk8u25\1677\hotspot\src\share\vm\classfile\systemDictionary.cpp, line 202]

Events (10 events):
Event: 32.944 loading class org/springframework/context/support/LiveBeansView done
Event: 32.944 Thread 0x0000000019c15000 DEOPT PACKING pc=0x0000000002bb084c sp=0x000000001b98d910
Event: 32.944 Thread 0x0000000019c15000 DEOPT UNPACKING pc=0x00000000029175bf sp=0x000000001b98d660 mode 1
Event: 32.944 Thread 0x0000000019c15000 DEOPT PACKING pc=0x00000000031af28c sp=0x000000001b98d9a0
Event: 32.944 Thread 0x0000000019c15000 DEOPT UNPACKING pc=0x00000000029175bf sp=0x000000001b98d7e8 mode 1
Event: 32.951 loading class java/rmi/server/UnicastRemoteObject
Event: 32.952 loading class java/rmi/server/UnicastRemoteObject done
Event: 32.953 Thread 0x0000000019256000 Thread exited: 0x0000000019256000
Event: 36.733 Executing VM operation: RedefineClasses
Event: 36.759 Executing VM operation: RedefineClasses done


Dynamic libraries:
0x00007ff7b50a0000 - 0x00007ff7b50d4000 	C:\Program Files\Java\jre1.8.0_25\bin\javaw.exe
0x00007ffbc3c20000 - 0x00007ffbc3dca000 	C:\Windows\SYSTEM32\ntdll.dll
0x00007ffbc1f80000 - 0x00007ffbc20ba000 	C:\Windows\system32\KERNEL32.DLL
0x00007ffbc1060000 - 0x00007ffbc1170000 	C:\Windows\system32\KERNELBASE.dll
0x00007ffbbfbc0000 - 0x00007ffbbfc48000 	C:\Windows\system32\apphelp.dll
0x00007ffbb6a70000 - 0x00007ffbb6abf000 	C:\Windows\AppPatch\AppPatch64\AcGenral.DLL
0x00007ffbc18e0000 - 0x00007ffbc1987000 	C:\Windows\system32\msvcrt.dll
0x00007ffbc0d70000 - 0x00007ffbc0d9b000 	C:\Windows\SYSTEM32\SspiCli.dll
0x00007ffbc15c0000 - 0x00007ffbc1611000 	C:\Windows\system32\SHLWAPI.dll
0x00007ffbc21c0000 - 0x00007ffbc2331000 	C:\Windows\system32\USER32.dll
0x00007ffbc1620000 - 0x00007ffbc1798000 	C:\Windows\system32\ole32.dll
0x00007ffbc2800000 - 0x00007ffbc3c17000 	C:\Windows\system32\SHELL32.dll
0x00007ffbc05a0000 - 0x00007ffbc05bf000 	C:\Windows\SYSTEM32\USERENV.dll
0x00007ffbc19f0000 - 0x00007ffbc1a95000 	C:\Windows\system32\ADVAPI32.dll
0x00007ffbb5500000 - 0x00007ffbb551b000 	C:\Windows\SYSTEM32\MPR.dll
0x00007ffbc2660000 - 0x00007ffbc2796000 	C:\Windows\system32\RPCRT4.dll
0x00007ffbc2160000 - 0x00007ffbc21b7000 	C:\Windows\SYSTEM32\sechost.dll
0x00007ffbc1ae0000 - 0x00007ffbc1cb6000 	C:\Windows\SYSTEM32\combase.dll
0x00007ffbc2360000 - 0x00007ffbc24a5000 	C:\Windows\system32\GDI32.dll
0x00007ffbc0f90000 - 0x00007ffbc0fa4000 	C:\Windows\SYSTEM32\profapi.dll
0x00007ffbbf6f0000 - 0x00007ffbbf78f000 	C:\Windows\SYSTEM32\SHCORE.dll
0x00007ffbc1aa0000 - 0x00007ffbc1ad4000 	C:\Windows\system32\IMM32.DLL
0x00007ffbc17a0000 - 0x00007ffbc18d9000 	C:\Windows\system32\MSCTF.dll
0x00007ffbbf2b0000 - 0x00007ffbbf50a000 	C:\Windows\WinSxS\amd64_microsoft.windows.common-controls_6595b64144ccf1df_6.0.9600.17031_none_6242a4b3ecbb55a1\COMCTL32.dll
0x000000005b950000 - 0x000000005ba22000 	C:\Program Files\Java\jre1.8.0_25\bin\msvcr100.dll
0x000000005bb30000 - 0x000000005c38a000 	C:\Program Files\Java\jre1.8.0_25\bin\server\jvm.dll
0x00007ffbbf530000 - 0x00007ffbbf539000 	C:\Windows\SYSTEM32\WSOCK32.dll
0x00007ffbb3970000 - 0x00007ffbb398f000 	C:\Windows\SYSTEM32\WINMM.dll
0x00007ffbc2650000 - 0x00007ffbc2657000 	C:\Windows\system32\PSAPI.DLL
0x00007ffbc1990000 - 0x00007ffbc19e8000 	C:\Windows\system32\WS2_32.dll
0x00007ffbb3940000 - 0x00007ffbb396a000 	C:\Windows\SYSTEM32\WINMMBASE.dll
0x00007ffbc2350000 - 0x00007ffbc2359000 	C:\Windows\system32\NSI.dll
0x00007ffbc1450000 - 0x00007ffbc149a000 	C:\Windows\SYSTEM32\cfgmgr32.dll
0x00007ffbbfe10000 - 0x00007ffbbfe36000 	C:\Windows\SYSTEM32\DEVOBJ.dll
0x000000005bb20000 - 0x000000005bb2f000 	C:\Program Files\Java\jre1.8.0_25\bin\verify.dll
0x000000005baf0000 - 0x000000005bb18000 	C:\Program Files\Java\jre1.8.0_25\bin\java.dll
0x000000005b760000 - 0x000000005b795000 	C:\Program Files\Java\jre1.8.0_25\bin\jdwp.dll
0x000000005b750000 - 0x000000005b758000 	C:\Program Files\Java\jre1.8.0_25\bin\npt.dll
0x000000005bac0000 - 0x000000005bae3000 	C:\Program Files\Java\jre1.8.0_25\bin\instrument.dll
0x000000005baa0000 - 0x000000005bab6000 	C:\Program Files\Java\jre1.8.0_25\bin\zip.dll
0x000000005b740000 - 0x000000005b749000 	C:\Program Files\Java\jre1.8.0_25\bin\dt_socket.dll
0x00007ffbb9070000 - 0x00007ffbb9084000 	C:\Windows\system32\napinsp.dll
0x00007ffbb9050000 - 0x00007ffbb9069000 	C:\Windows\system32\pnrpnsp.dll
0x00007ffbbe900000 - 0x00007ffbbe919000 	C:\Windows\system32\NLAapi.dll
0x00007ffbc07f0000 - 0x00007ffbc0848000 	C:\Windows\System32\mswsock.dll
0x00007ffbc0600000 - 0x00007ffbc06a3000 	C:\Windows\SYSTEM32\DNSAPI.dll
0x00007ffbb9040000 - 0x00007ffbb904c000 	C:\Windows\System32\winrnr.dll
0x00007ffbb9020000 - 0x00007ffbb9033000 	C:\Windows\system32\wshbth.dll
0x00007ffbbc350000 - 0x00007ffbbc3b7000 	C:\Windows\System32\fwpuclnt.dll
0x00007ffbb8a20000 - 0x00007ffbb8a29000 	C:\Windows\System32\rasadhlp.dll
0x000000005b940000 - 0x000000005b94d000 	C:\Program Files\Java\jre1.8.0_25\bin\management.dll
0x000000005ba80000 - 0x000000005ba9a000 	C:\Program Files\Java\jre1.8.0_25\bin\net.dll
0x000000005ba60000 - 0x000000005ba71000 	C:\Program Files\Java\jre1.8.0_25\bin\nio.dll
0x00007ffbbc490000 - 0x00007ffbbc4b9000 	C:\Windows\SYSTEM32\IPHLPAPI.DLL
0x00007ffbbc420000 - 0x00007ffbbc42a000 	C:\Windows\SYSTEM32\WINNSI.DLL
0x00007ffbc0850000 - 0x00007ffbc086e000 	C:\Windows\SYSTEM32\CRYPTSP.dll
0x00007ffbc0490000 - 0x00007ffbc04c5000 	C:\Windows\system32\rsaenh.dll
0x00007ffbc0a80000 - 0x00007ffbc0aa6000 	C:\Windows\SYSTEM32\bcrypt.dll
0x00007ffbc0da0000 - 0x00007ffbc0e00000 	C:\Windows\system32\bcryptprimitives.dll
0x00007ffbc0e00000 - 0x00007ffbc0e0a000 	C:\Windows\SYSTEM32\CRYPTBASE.dll
0x00007ffbbc2d0000 - 0x00007ffbbc2e4000 	C:\Windows\SYSTEM32\dhcpcsvc6.DLL
0x00007ffbbc2b0000 - 0x00007ffbbc2c9000 	C:\Windows\SYSTEM32\dhcpcsvc.DLL
0x00007ffbb9510000 - 0x00007ffbb9698000 	C:\Windows\SYSTEM32\dbghelp.dll

VM Arguments:
jvm_args: -agentlib:jdwp=transport=dt_socket,suspend=y,address=localhost:63290 -Dcom.sun.management.jmxremote -Dcom.sun.management.jmxremote.port=63289 -Dcom.sun.management.jmxremote.authenticate=false -Dcom.sun.management.jmxremote.ssl=false -Djava.rmi.server.hostname=localhost -Dspring.jmx.enabled=true -Dspring.application.admin.enabled=true -Xverify:none -XX:TieredStopAtLevel=1 -Dspring.boot.project.name=02_UserManagementApplication -javaagent:C:\Program Files\sts-4.6.1.RELEASE\configuration\org.eclipse.osgi\245\0\.cp\lib\javaagent-shaded.jar -Dfile.encoding=UTF-8 
java_command: com.app.Application --spring.output.ansi.enabled=always
java_class_path (initial): E:\JRTP_Practice\02_UserManagementApplication\target\classes;C:\Users\Harish Kumar\.m2\repository\org\springframework\boot\spring-boot-starter-data-jpa\2.3.4.RELEASE\spring-boot-starter-data-jpa-2.3.4.RELEASE.jar;C:\Users\Harish Kumar\.m2\repository\org\springframework\boot\spring-boot-starter-aop\2.3.4.RELEASE\spring-boot-starter-aop-2.3.4.RELEASE.jar;C:\Users\Harish Kumar\.m2\repository\org\springframework\spring-aop\5.2.9.RELEASE\spring-aop-5.2.9.RELEASE.jar;C:\Users\Harish Kumar\.m2\repository\org\aspectj\aspectjweaver\1.9.6\aspectjweaver-1.9.6.jar;C:\Users\Harish Kumar\.m2\repository\org\springframework\boot\spring-boot-starter-jdbc\2.3.4.RELEASE\spring-boot-starter-jdbc-2.3.4.RELEASE.jar;C:\Users\Harish Kumar\.m2\repository\com\zaxxer\HikariCP\3.4.5\HikariCP-3.4.5.jar;C:\Users\Harish Kumar\.m2\repository\org\springframework\spring-jdbc\5.2.9.RELEASE\spring-jdbc-5.2.9.RELEASE.jar;C:\Users\Harish Kumar\.m2\repository\jakarta\transaction\jakarta.transaction-api\1.3.3\jakarta.transaction-api-1.3.3.jar;C:\Users\Harish Kumar\.m2\repository\jakarta\persistence\jakarta.persistence-api\2.2.3\jakarta.persistence-api-2.2.3.jar;C:\Users\Harish Kumar\.m2\repository\org\hibernate\hibernate-core\5.4.21.Final\hibernate-core-5.4.21.Final.jar;C:\Users\Harish Kumar\.m2\repository\org\jboss\logging\jboss-logging\3.4.1.Final\jboss-logging-3.4.1.Final.jar;C:\Users\Harish Kumar\.m2\repository\org\javassist\javassist\3.24.0-GA\javassist-3.24.0-GA.jar;C:\Users\Harish Kumar\.m2\repository\net\bytebuddy\byte-buddy\1.10.14\byte-buddy-1.10.14.jar;C:\Users\Harish Kumar\.m2\repository\antlr\antlr\2.7.7\antlr-2.7.7.jar;C:\Users\Harish Kumar\.m2\repository\org\jboss\jandex\2.1.3.Final\jandex-2.1.3.Final.jar;C:\Users\Harish Kumar\.m2\repository\com\fasterxml\classmate\1.5.1\classmate-1.5.1.jar;C:\Users\Harish Kumar\.m2\repository\org\dom4j\dom4j\2.1.3\dom4j-2.1.3.jar;C:\Users\Harish Kumar\.m2\repository\org\hibernate\common\hibernate-commons-annotations\5.1.0.Final
Launcher Type: SUN_STANDARD

Environment Variables:
PATH=C:/Program Files/Java/jre1.8.0_25/bin/server;C:/Program Files/Java/jre1.8.0_25/bin;C:/Program Files/Java/jre1.8.0_25/lib/amd64;C:\ProgramData\Oracle\Java\javapath;C:\Windows\system32;C:\Windows;C:\Windows\System32\Wbem;C:\Windows\System32\WindowsPowerShell\v1.0\;C:\Program Files\Git\cmd;;C:\Program Files\Java\jre1.8.0_25\bin;C:\Program Files\Java\jdk1.8.0_25\bin;E:\Softwares and Files\apache-tomcat-7.0.62.tar\apache-maven-3.5.4-bin\apache-maven-3.5.4\bin;C:\Program Files (x86)\nodejs\;C:\Program Files\MySQL\MySQL Shell 8.0\bin\;C:\Users\Harish Kumar\AppData\Roaming\npm;C:\Users\Harish Kumar\AppData\Local\Programs\Microsoft VS Code\bin;C:\Program Files\sts-4.6.1.RELEASE;
USERNAME=Harish Kumar
OS=Windows_NT
PROCESSOR_IDENTIFIER=Intel64 Family 6 Model 58 Stepping 9, GenuineIntel



---------------  S Y S T E M  ---------------

OS: Windows 8.1 , 64 bit Build 9600 

CPU:total 2 (2 cores per cpu, 2 threads per core) family 6 model 58 stepping 9, cmov, cx8, fxsr, mmx, sse, sse2, sse3, ssse3, sse4.1, sse4.2, popcnt, avx, clmul, erms, ht, tsc, tscinvbit, tscinv

Memory: 4k page, physical 6135204k(1081300k free), swap 25009572k(16867500k free)

vm_info: Java HotSpot(TM) 64-Bit Server VM (25.25-b02) for windows-amd64 JRE (1.8.0_25-b18), built on Oct  7 2014 14:25:37 by "java_re" with MS VC++ 10.0 (VS2010)

time: Mon Oct 12 19:56:04 2020
elapsed time: 36 seconds (0d 0h 0m 36s)

