#
# A fatal error has been detected by the Java Runtime Environment:
#
#  EXCEPTION_ACCESS_VIOLATION (0xc0000005) at pc=0x000000005bc4a3c5, pid=5068, tid=7108
#
# JRE version: Java(TM) SE Runtime Environment (8.0_25-b18) (build 1.8.0_25-b18)
# Java VM: Java HotSpot(TM) 64-Bit Server VM (25.25-b02 mixed mode windows-amd64 compressed oops)
# Problematic frame:
# V  [jvm.dll+0x11a3c5]
#
# Failed to write core dump. Minidumps are not enabled by default on client versions of Windows
#
# If you would like to submit a bug report, please visit:
#   http://bugreport.sun.com/bugreport/crash.jsp
#

---------------  T H R E A D  ---------------

Current thread (0x0000000015a45800):  JavaThread "JDWP Transport Listener: dt_socket" daemon [_thread_in_vm, id=7108, stack(0x0000000016c60000,0x0000000016d60000)]

siginfo: ExceptionCode=0xc0000005, reading address 0xffffffffffffffff

Registers:
RAX=0x0000000016d5f201, RBX=0x0000000015a45800, RCX=0x6164626d614c2424, RDX=0x0000000000000000
RSP=0x0000000016d5f280, RBP=0x6164626d614c2424, RSI=0x0000000016d5f398, RDI=0x000000000207dd10
R8 =0x0000000015a45800, R9 =0x0000000000008000, R10=0x0000000000000000, R11=0x0000000018b18c3c
R12=0x0000000000000000, R13=0x0000000015a46e68, R14=0x0000000000000000, R15=0x0000000000000000
RIP=0x000000005bc4a3c5, EFLAGS=0x0000000000010206

Top of Stack: (sp=0x0000000016d5f280)
0x0000000016d5f280:   0000000015a45800 0000000015a45800
0x0000000016d5f290:   0000000016d5f348 000000005be478db
0x0000000016d5f2a0:   0000000015a45800 000000005be6413d
0x0000000016d5f2b0:   0000000000000000 000000005b779149
0x0000000016d5f2c0:   0000000017c22828 000000005b782912
0x0000000016d5f2d0:   0000000015a45800 0000000000000000
0x0000000016d5f2e0:   0000000000000000 0000000000000000
0x0000000016d5f2f0:   6164626d614c2424 000000005b781a09
0x0000000016d5f300:   0000000016d5f398 0000000016d5f370
0x0000000016d5f310:   0000000000000001 0000000017c22828
0x0000000016d5f320:   6164626d614c2424 000000005b7653b3
0x0000000016d5f330:   0000000016d5f460 0000000000000001
0x0000000016d5f340:   0000000000000001 0000000017c22828
0x0000000016d5f350:   0000000000000001 0000000000000000
0x0000000016d5f360:   0000000000000000 0000000000000000
0x0000000016d5f370:   0000000000000001 000000005b765571 

Instructions: (pc=0x000000005bc4a3c5)
0x000000005bc4a3a5:   cc cc cc cc cc cc cc cc cc cc cc 48 83 ec 28 48
0x000000005bc4a3b5:   85 c9 75 07 33 c0 48 83 c4 28 c3 48 89 5c 24 20
0x000000005bc4a3c5:   48 8b 19 48 85 db 74 20 48 83 fb 37 74 1a 48 8b
0x000000005bc4a3d5:   13 48 8b cb ff 52 10 84 c0 74 0d 48 8b c3 48 8b 


Register to memory mapping:

RAX=0x0000000016d5f201 is pointing into the stack for thread: 0x0000000015a45800
RBX=0x0000000015a45800 is a thread
RCX=0x6164626d614c2424 is an unknown value
RDX=0x0000000000000000 is an unknown value
RSP=0x0000000016d5f280 is pointing into the stack for thread: 0x0000000015a45800
RBP=0x6164626d614c2424 is an unknown value
RSI=0x0000000016d5f398 is pointing into the stack for thread: 0x0000000015a45800
RDI=0x000000000207dd10 is an unknown value
R8 =0x0000000015a45800 is a thread
R9 =0x0000000000008000 is an unknown value
R10=0x0000000000000000 is an unknown value
R11=0x0000000018b18c3c is an unknown value
R12=0x0000000000000000 is an unknown value
R13=0x0000000015a46e68 is an unknown value
R14=0x0000000000000000 is an unknown value
R15=0x0000000000000000 is an unknown value


Stack: [0x0000000016c60000,0x0000000016d60000],  sp=0x0000000016d5f280,  free space=1020k
Native frames: (J=compiled Java code, j=interpreted, Vv=VM code, C=native code)
V  [jvm.dll+0x11a3c5]
V  [jvm.dll+0x33413d]
C  [jdwp.dll+0x21a09]
C  [jdwp.dll+0x53b3]
C  [jdwp.dll+0x5571]
C  [jdwp.dll+0xf09c]
C  [jdwp.dll+0x1f2c9]
C  [jdwp.dll+0x1f49e]
V  [jvm.dll+0x1abba8]
V  [jvm.dll+0x22bde4]
V  [jvm.dll+0x2852fa]
C  [msvcr100.dll+0x21d9f]
C  [msvcr100.dll+0x21e3b]
C  [KERNEL32.DLL+0x168d]
C  [ntdll.dll+0x74629]


---------------  P R O C E S S  ---------------

Java Threads: ( => current thread )
  0x000000001be06800 JavaThread "RMI TCP Connection(idle)" daemon [_thread_blocked, id=6932, stack(0x0000000019930000,0x0000000019a30000)]
  0x000000001be00800 JavaThread "DestroyJavaVM" [_thread_blocked, id=7652, stack(0x0000000002080000,0x0000000002180000)]
  0x000000001be03800 JavaThread "http-nio-8099-Acceptor" daemon [_thread_in_native, id=820, stack(0x000000001e500000,0x000000001e600000)]
  0x000000001be02800 JavaThread "http-nio-8099-ClientPoller" daemon [_thread_in_native, id=3832, stack(0x000000001e400000,0x000000001e500000)]
  0x000000001bdff000 JavaThread "http-nio-8099-exec-10" daemon [_thread_blocked, id=7428, stack(0x000000001e300000,0x000000001e400000)]
  0x000000001bdff800 JavaThread "http-nio-8099-exec-9" daemon [_thread_blocked, id=2872, stack(0x000000001e200000,0x000000001e300000)]
  0x000000001be01000 JavaThread "http-nio-8099-exec-8" daemon [_thread_blocked, id=2708, stack(0x000000001e100000,0x000000001e200000)]
  0x000000001be02000 JavaThread "http-nio-8099-exec-7" daemon [_thread_blocked, id=8004, stack(0x000000001e000000,0x000000001e100000)]
  0x000000001bdfe000 JavaThread "http-nio-8099-exec-6" daemon [_thread_blocked, id=7128, stack(0x000000001df00000,0x000000001e000000)]
  0x000000001bdfd800 JavaThread "http-nio-8099-exec-5" daemon [_thread_blocked, id=6436, stack(0x000000001de00000,0x000000001df00000)]
  0x000000001978b000 JavaThread "http-nio-8099-exec-4" daemon [_thread_blocked, id=6704, stack(0x000000001dd00000,0x000000001de00000)]
  0x000000001978a800 JavaThread "http-nio-8099-exec-3" daemon [_thread_blocked, id=3488, stack(0x000000001dc00000,0x000000001dd00000)]
  0x0000000019786800 JavaThread "http-nio-8099-exec-2" daemon [_thread_blocked, id=3096, stack(0x000000001db00000,0x000000001dc00000)]
  0x0000000019789800 JavaThread "http-nio-8099-exec-1" daemon [_thread_blocked, id=6808, stack(0x000000001da00000,0x000000001db00000)]
  0x0000000019789000 JavaThread "http-nio-8099-BlockPoller" daemon [_thread_in_native, id=8096, stack(0x000000001d900000,0x000000001da00000)]
  0x0000000019788000 JavaThread "File Watcher" daemon [_thread_in_native, id=6200, stack(0x000000001d300000,0x000000001d400000)]
  0x0000000019784800 JavaThread "Live Reload Server" daemon [_thread_in_native, id=2564, stack(0x000000001d400000,0x000000001d500000)]
  0x0000000019787800 JavaThread "container-0" [_thread_blocked, id=8136, stack(0x000000001b630000,0x000000001b730000)]
  0x0000000019786000 JavaThread "Catalina-utility-2" [_thread_blocked, id=2720, stack(0x000000001b530000,0x000000001b630000)]
  0x00000000196ee000 JavaThread "Catalina-utility-1" [_thread_blocked, id=4412, stack(0x000000001b430000,0x000000001b530000)]
  0x00000000196b9800 JavaThread "HikariPool-1 housekeeper" daemon [_thread_blocked, id=3460, stack(0x000000001b130000,0x000000001b230000)]
  0x00000000195d4800 JavaThread "mysql-cj-abandoned-connection-cleanup" daemon [_thread_blocked, id=2816, stack(0x000000001ae30000,0x000000001af30000)]
  0x0000000018f3f800 JavaThread "RMI Scheduler(0)" daemon [_thread_blocked, id=7004, stack(0x000000001a430000,0x000000001a530000)]
  0x0000000017801800 JavaThread "RMI TCP Accept-0" daemon [_thread_in_native, id=6264, stack(0x0000000018060000,0x0000000018160000)]
  0x00000000177fd000 JavaThread "RMI TCP Accept-60834" daemon [_thread_in_native, id=7712, stack(0x0000000017f60000,0x0000000018060000)]
  0x00000000177e9800 JavaThread "RMI TCP Accept-0" daemon [_thread_in_native, id=7228, stack(0x0000000017e60000,0x0000000017f60000)]
  0x0000000017344000 JavaThread "Service Thread" daemon [_thread_blocked, id=1700, stack(0x0000000017560000,0x0000000017660000)]
  0x000000001733f800 JavaThread "C1 CompilerThread1" daemon [_thread_blocked, id=6084, stack(0x0000000017460000,0x0000000017560000)]
  0x00000000172ed000 JavaThread "C2 CompilerThread0" daemon [_thread_blocked, id=3792, stack(0x0000000017360000,0x0000000017460000)]
  0x0000000015a49800 JavaThread "JDWP Command Reader" daemon [_thread_in_native, id=5104, stack(0x0000000016e60000,0x0000000016f60000)]
  0x0000000015a48800 JavaThread "JDWP Event Helper Thread" daemon [_thread_blocked, id=5624, stack(0x0000000016d60000,0x0000000016e60000)]
=>0x0000000015a45800 JavaThread "JDWP Transport Listener: dt_socket" daemon [_thread_in_vm, id=7108, stack(0x0000000016c60000,0x0000000016d60000)]
  0x0000000015a31800 JavaThread "Attach Listener" daemon [_thread_blocked, id=592, stack(0x0000000016880000,0x0000000016980000)]
  0x0000000015a30800 JavaThread "Signal Dispatcher" daemon [_thread_blocked, id=6324, stack(0x0000000016780000,0x0000000016880000)]
  0x0000000002454800 JavaThread "Finalizer" daemon [_thread_blocked, id=7608, stack(0x0000000016680000,0x0000000016780000)]
  0x000000000244d800 JavaThread "Reference Handler" daemon [_thread_blocked, id=7520, stack(0x0000000016580000,0x0000000016680000)]

Other Threads:
  0x00000000159f5800 VMThread [stack: 0x0000000016480000,0x0000000016580000] [id=2732]
  0x0000000017803000 WatcherThread [stack: 0x0000000018160000,0x0000000018260000] [id=1160]

VM state:not at safepoint (normal execution)

VM Mutex/Monitor currently owned by a thread: None

Heap:
 PSYoungGen      total 285696K, used 63741K [0x00000000e0d00000, 0x00000000f8c00000, 0x0000000100000000)
  eden space 274432K, 19% used [0x00000000e0d00000,0x00000000e4041dc8,0x00000000f1900000)
  from space 11264K, 99% used [0x00000000f1900000,0x00000000f23fd9c0,0x00000000f2400000)
  to   space 15360K, 0% used [0x00000000f7d00000,0x00000000f7d00000,0x00000000f8c00000)
 ParOldGen       total 62976K, used 22754K [0x00000000a2600000, 0x00000000a6380000, 0x00000000e0d00000)
  object space 62976K, 36% used [0x00000000a2600000,0x00000000a3c388b8,0x00000000a6380000)
 Metaspace       used 49062K, capacity 51912K, committed 52136K, reserved 1093632K
  class space    used 6773K, capacity 7239K, committed 7344K, reserved 1048576K

Card table byte_map: [0x0000000011820000,0x0000000011b10000] byte_map_base: 0x000000001130d000

Marking Bits: (ParMarkBitMap*) 0x000000005c30d490
 Begin Bits: [0x0000000011f10000, 0x0000000013678000)
 End Bits:   [0x0000000013678000, 0x0000000014de0000)

Polling page: 0x0000000000710000

CodeCache: size=245760Kb used=9375Kb max_used=9375Kb free=236384Kb
 bounds [0x0000000002460000, 0x0000000002d90000, 0x0000000011460000]
 total_blobs=5139 nmethods=4610 adapters=449
 compilation: enabled

Compilation events (10 events):
Event: 97.540 Thread 0x000000001733f800 4638   !   1       java.util.concurrent.locks.AbstractQueuedSynchronizer::acquireQueued (93 bytes)
Event: 97.541 Thread 0x000000001733f800 nmethod 4638 0x0000000002d86d90 code [0x0000000002d86f60, 0x0000000002d87418]
Event: 100.539 Thread 0x000000001733f800 4639       1       java.util.concurrent.locks.AbstractQueuedSynchronizer::enq (58 bytes)
Event: 100.540 Thread 0x000000001733f800 nmethod 4639 0x0000000002d87890 code [0x0000000002d879e0, 0x0000000002d87c50]
Event: 105.322 Thread 0x000000001733f800 4640       1       org.apache.catalina.util.LifecycleBase::fireLifecycleEvent (56 bytes)
Event: 105.323 Thread 0x000000001733f800 nmethod 4640 0x0000000002d87d90 code [0x0000000002d87f40, 0x0000000002d882c8]
Event: 105.323 Thread 0x000000001733f800 4641       1       org.apache.catalina.LifecycleEvent::<init> (16 bytes)
Event: 105.323 Thread 0x000000001733f800 nmethod 4641 0x0000000002d88550 code [0x0000000002d886c0, 0x0000000002d888c8]
Event: 111.583 Thread 0x000000001733f800 4642       1       java.util.concurrent.locks.AbstractQueuedSynchronizer$ConditionObject::signal (33 bytes)
Event: 111.583 Thread 0x000000001733f800 nmethod 4642 0x0000000002d889d0 code [0x0000000002d88b60, 0x0000000002d88d68]

GC Heap History (10 events):
Event: 2.955 GC heap before
{Heap before GC invocations=9 (full 1):
 PSYoungGen      total 200704K, used 4280K [0x00000000e0d00000, 0x00000000ed900000, 0x0000000100000000)
  eden space 193536K, 0% used [0x00000000e0d00000,0x00000000e0d00000,0x00000000eca00000)
  from space 7168K, 59% used [0x00000000ed200000,0x00000000ed62e3e0,0x00000000ed900000)
  to   space 7680K, 0% used [0x00000000eca00000,0x00000000eca00000,0x00000000ed180000)
 ParOldGen       total 64512K, used 6085K [0x00000000a2600000, 0x00000000a6500000, 0x00000000e0d00000)
  object space 64512K, 9% used [0x00000000a2600000,0x00000000a2bf1590,0x00000000a6500000)
 Metaspace       used 20481K, capacity 21268K, committed 21296K, reserved 1067008K
  class space    used 2684K, capacity 2862K, committed 2864K, reserved 1048576K
Event: 3.009 GC heap after
Heap after GC invocations=9 (full 1):
 PSYoungGen      total 200704K, used 0K [0x00000000e0d00000, 0x00000000ed900000, 0x0000000100000000)
  eden space 193536K, 0% used [0x00000000e0d00000,0x00000000e0d00000,0x00000000eca00000)
  from space 7168K, 0% used [0x00000000ed200000,0x00000000ed200000,0x00000000ed900000)
  to   space 7680K, 0% used [0x00000000eca00000,0x00000000eca00000,0x00000000ed180000)
 ParOldGen       total 39936K, used 6790K [0x00000000a2600000, 0x00000000a4d00000, 0x00000000e0d00000)
  object space 39936K, 17% used [0x00000000a2600000,0x00000000a2ca1b68,0x00000000a4d00000)
 Metaspace       used 20479K, capacity 21266K, committed 21296K, reserved 1067008K
  class space    used 2684K, capacity 2861K, committed 2864K, reserved 1048576K
}
Event: 4.476 GC heap before
{Heap before GC invocations=10 (full 1):
 PSYoungGen      total 200704K, used 193536K [0x00000000e0d00000, 0x00000000ed900000, 0x0000000100000000)
  eden space 193536K, 100% used [0x00000000e0d00000,0x00000000eca00000,0x00000000eca00000)
  from space 7168K, 0% used [0x00000000ed200000,0x00000000ed200000,0x00000000ed900000)
  to   space 7680K, 0% used [0x00000000eca00000,0x00000000eca00000,0x00000000ed180000)
 ParOldGen       total 39936K, used 6790K [0x00000000a2600000, 0x00000000a4d00000, 0x00000000e0d00000)
  object space 39936K, 17% used [0x00000000a2600000,0x00000000a2ca1b68,0x00000000a4d00000)
 Metaspace       used 26808K, capacity 28540K, committed 28848K, reserved 1075200K
  class space    used 3612K, capacity 3944K, committed 4016K, reserved 1048576K
Event: 4.489 GC heap after
Heap after GC invocations=10 (full 1):
 PSYoungGen      total 201216K, used 7649K [0x00000000e0d00000, 0x00000000f2f00000, 0x0000000100000000)
  eden space 193536K, 0% used [0x00000000e0d00000,0x00000000e0d00000,0x00000000eca00000)
  from space 7680K, 99% used [0x00000000eca00000,0x00000000ed178560,0x00000000ed180000)
  to   space 9728K, 0% used [0x00000000f2580000,0x00000000f2580000,0x00000000f2f00000)
 ParOldGen       total 39936K, used 9111K [0x00000000a2600000, 0x00000000a4d00000, 0x00000000e0d00000)
  object space 39936K, 22% used [0x00000000a2600000,0x00000000a2ee5d90,0x00000000a4d00000)
 Metaspace       used 26808K, capacity 28540K, committed 28848K, reserved 1075200K
  class space    used 3612K, capacity 3944K, committed 4016K, reserved 1048576K
}
Event: 5.549 GC heap before
{Heap before GC invocations=11 (full 1):
 PSYoungGen      total 201216K, used 136984K [0x00000000e0d00000, 0x00000000f2f00000, 0x0000000100000000)
  eden space 193536K, 66% used [0x00000000e0d00000,0x00000000e8b4ddf0,0x00000000eca00000)
  from space 7680K, 99% used [0x00000000eca00000,0x00000000ed178560,0x00000000ed180000)
  to   space 9728K, 0% used [0x00000000f2580000,0x00000000f2580000,0x00000000f2f00000)
 ParOldGen       total 39936K, used 9111K [0x00000000a2600000, 0x00000000a4d00000, 0x00000000e0d00000)
  object space 39936K, 22% used [0x00000000a2600000,0x00000000a2ee5d90,0x00000000a4d00000)
 Metaspace       used 33441K, capacity 35276K, committed 35496K, reserved 1079296K
  class space    used 4333K, capacity 4670K, committed 4784K, reserved 1048576K
Event: 5.563 GC heap after
Heap after GC invocations=11 (full 1):
 PSYoungGen      total 282112K, used 9723K [0x00000000e0d00000, 0x00000000f2f00000, 0x0000000100000000)
  eden space 272384K, 0% used [0x00000000e0d00000,0x00000000e0d00000,0x00000000f1700000)
  from space 9728K, 99% used [0x00000000f2580000,0x00000000f2efee08,0x00000000f2f00000)
  to   space 11264K, 0% used [0x00000000f1900000,0x00000000f1900000,0x00000000f2400000)
 ParOldGen       total 39936K, used 10238K [0x00000000a2600000, 0x00000000a4d00000, 0x00000000e0d00000)
  object space 39936K, 25% used [0x00000000a2600000,0x00000000a2fff888,0x00000000a4d00000)
 Metaspace       used 33441K, capacity 35276K, committed 35496K, reserved 1079296K
  class space    used 4333K, capacity 4670K, committed 4784K, reserved 1048576K
}
Event: 5.563 GC heap before
{Heap before GC invocations=12 (full 2):
 PSYoungGen      total 282112K, used 9723K [0x00000000e0d00000, 0x00000000f2f00000, 0x0000000100000000)
  eden space 272384K, 0% used [0x00000000e0d00000,0x00000000e0d00000,0x00000000f1700000)
  from space 9728K, 99% used [0x00000000f2580000,0x00000000f2efee08,0x00000000f2f00000)
  to   space 11264K, 0% used [0x00000000f1900000,0x00000000f1900000,0x00000000f2400000)
 ParOldGen       total 39936K, used 10238K [0x00000000a2600000, 0x00000000a4d00000, 0x00000000e0d00000)
  object space 39936K, 25% used [0x00000000a2600000,0x00000000a2fff888,0x00000000a4d00000)
 Metaspace       used 33441K, capacity 35276K, committed 35496K, reserved 1079296K
  class space    used 4333K, capacity 4670K, committed 4784K, reserved 1048576K
Event: 5.656 GC heap after
Heap after GC invocations=12 (full 2):
 PSYoungGen      total 282112K, used 0K [0x00000000e0d00000, 0x00000000f2f00000, 0x0000000100000000)
  eden space 272384K, 0% used [0x00000000e0d00000,0x00000000e0d00000,0x00000000f1700000)
  from space 9728K, 0% used [0x00000000f2580000,0x00000000f2580000,0x00000000f2f00000)
  to   space 11264K, 0% used [0x00000000f1900000,0x00000000f1900000,0x00000000f2400000)
 ParOldGen       total 62976K, used 16405K [0x00000000a2600000, 0x00000000a6380000, 0x00000000e0d00000)
  object space 62976K, 26% used [0x00000000a2600000,0x00000000a36055a8,0x00000000a6380000)
 Metaspace       used 33441K, capacity 35276K, committed 35496K, reserved 1079296K
  class space    used 4333K, capacity 4670K, committed 4784K, reserved 1048576K
}
Event: 8.254 GC heap before
{Heap before GC invocations=13 (full 2):
 PSYoungGen      total 282112K, used 272384K [0x00000000e0d00000, 0x00000000f2f00000, 0x0000000100000000)
  eden space 272384K, 100% used [0x00000000e0d00000,0x00000000f1700000,0x00000000f1700000)
  from space 9728K, 0% used [0x00000000f2580000,0x00000000f2580000,0x00000000f2f00000)
  to   space 11264K, 0% used [0x00000000f1900000,0x00000000f1900000,0x00000000f2400000)
 ParOldGen       total 62976K, used 16405K [0x00000000a2600000, 0x00000000a6380000, 0x00000000e0d00000)
  object space 62976K, 26% used [0x00000000a2600000,0x00000000a36055a8,0x00000000a6380000)
 Metaspace       used 48055K, capacity 50746K, committed 50856K, reserved 1093632K
  class space    used 6614K, capacity 7081K, committed 7088K, reserved 1048576K
Event: 8.290 GC heap after
Heap after GC invocations=13 (full 2):
 PSYoungGen      total 285696K, used 11254K [0x00000000e0d00000, 0x00000000f8c00000, 0x0000000100000000)
  eden space 274432K, 0% used [0x00000000e0d00000,0x00000000e0d00000,0x00000000f1900000)
  from space 11264K, 99% used [0x00000000f1900000,0x00000000f23fd9c0,0x00000000f2400000)
  to   space 15360K, 0% used [0x00000000f7d00000,0x00000000f7d00000,0x00000000f8c00000)
 ParOldGen       total 62976K, used 22754K [0x00000000a2600000, 0x00000000a6380000, 0x00000000e0d00000)
  object space 62976K, 36% used [0x00000000a2600000,0x00000000a3c388b8,0x00000000a6380000)
 Metaspace       used 48055K, capacity 50746K, committed 50856K, reserved 1093632K
  class space    used 6614K, capacity 7081K, committed 7088K, reserved 1048576K
}

Deoptimization events (0 events):
No events

Internal exceptions (10 events):
Event: 33.285 Thread 0x000000001be06800 Exception <a 'java/lang/ClassNotFoundException': org/springframework/context/support/LiveBeansView> (0x00000000e382c6b0) thrown at [D:\re\workspace\8-2-build-windows-amd64-cygwin\jdk8u25\1677\hotspot\src\share\vm\classfile\systemDictionary.cpp, line 202]
Event: 33.285 Thread 0x000000001be06800 Exception <a 'java/lang/ClassNotFoundException': org/springframework/context/support/LiveBeansView> (0x00000000e382c990) thrown at [D:\re\workspace\8-2-build-windows-amd64-cygwin\jdk8u25\1677\hotspot\src\share\vm\classfile\systemDictionary.cpp, line 202]
Event: 33.285 Thread 0x000000001be06800 Exception <a 'java/lang/ClassNotFoundException': org/springframework/context/support/LiveBeansView> (0x00000000e382cc68) thrown at [D:\re\workspace\8-2-build-windows-amd64-cygwin\jdk8u25\1677\hotspot\src\share\vm\classfile\systemDictionary.cpp, line 202]
Event: 33.285 Thread 0x000000001be06800 Exception <a 'java/lang/ClassNotFoundException': org/springframework/context/support/LiveBeansView> (0x00000000e382d030) thrown at [D:\re\workspace\8-2-build-windows-amd64-cygwin\jdk8u25\1677\hotspot\src\share\vm\classfile\systemDictionary.cpp, line 202]
Event: 33.285 Thread 0x000000001be06800 Exception <a 'java/lang/ClassNotFoundException': org/springframework/context/support/LiveBeansView> (0x00000000e382d308) thrown at [D:\re\workspace\8-2-build-windows-amd64-cygwin\jdk8u25\1677\hotspot\src\share\vm\classfile\systemDictionary.cpp, line 202]
Event: 33.285 Thread 0x000000001be06800 Exception <a 'java/lang/ClassNotFoundException': org/springframework/context/support/LiveBeansView> (0x00000000e382d610) thrown at [D:\re\workspace\8-2-build-windows-amd64-cygwin\jdk8u25\1677\hotspot\src\share\vm\classfile\systemDictionary.cpp, line 202]
Event: 33.287 Thread 0x000000001be06800 Exception <a 'java/lang/ClassNotFoundException': org/springframework/context/support/LiveBeansView> (0x00000000e384b820) thrown at [D:\re\workspace\8-2-build-windows-amd64-cygwin\jdk8u25\1677\hotspot\src\share\vm\classfile\systemDictionary.cpp, line 202]
Event: 33.287 Thread 0x000000001be06800 Exception <a 'java/lang/ClassNotFoundException': org/springframework/context/support/LiveBeansView> (0x00000000e384bb20) thrown at [D:\re\workspace\8-2-build-windows-amd64-cygwin\jdk8u25\1677\hotspot\src\share\vm\classfile\systemDictionary.cpp, line 202]
Event: 33.287 Thread 0x000000001be06800 Exception <a 'java/lang/ClassNotFoundException': org/springframework/context/support/LiveBeansView> (0x00000000e384bed8) thrown at [D:\re\workspace\8-2-build-windows-amd64-cygwin\jdk8u25\1677\hotspot\src\share\vm\classfile\systemDictionary.cpp, line 202]
Event: 65.317 Thread 0x0000000019786000 Exception <a 'java/security/PrivilegedActionException'> (0x00000000e1d7aaa8) thrown at [D:\re\workspace\8-2-build-windows-amd64-cygwin\jdk8u25\1677\hotspot\src\share\vm\prims\jvm.cpp, line 1312]

Events (10 events):
Event: 65.318 Thread 0x0000000019786000 DEOPT UNPACKING pc=0x00000000024a75bf sp=0x000000001b62d598 mode 1
Event: 65.318 Thread 0x0000000019786000 DEOPT PACKING pc=0x0000000002654df4 sp=0x000000001b62d8c0
Event: 65.318 Thread 0x0000000019786000 DEOPT UNPACKING pc=0x00000000024a75bf sp=0x000000001b62d6e0 mode 1
Event: 65.318 Thread 0x0000000019786000 DEOPT PACKING pc=0x0000000002654d3c sp=0x000000001b62da50
Event: 65.318 Thread 0x0000000019786000 DEOPT UNPACKING pc=0x00000000024a75bf sp=0x000000001b62d870 mode 1
Event: 71.168 Executing VM operation: ChangeBreakpoints
Event: 71.170 Executing VM operation: ChangeBreakpoints done
Event: 92.875 Thread 0x0000000018f23800 Thread exited: 0x0000000018f23800
Event: 111.541 Executing VM operation: RedefineClasses
Event: 111.567 Executing VM operation: RedefineClasses done


Dynamic libraries:
0x00007ff7b50a0000 - 0x00007ff7b50d4000 	C:\Program Files\Java\jre1.8.0_25\bin\javaw.exe
0x00007ffbc3c20000 - 0x00007ffbc3dca000 	C:\Windows\SYSTEM32\ntdll.dll
0x00007ffbc1f80000 - 0x00007ffbc20ba000 	C:\Windows\system32\KERNEL32.DLL
0x00007ffbc1060000 - 0x00007ffbc1170000 	C:\Windows\system32\KERNELBASE.dll
0x00007ffbbfbc0000 - 0x00007ffbbfc48000 	C:\Windows\system32\apphelp.dll
0x00007ffbb6a70000 - 0x00007ffbb6abf000 	C:\Windows\AppPatch\AppPatch64\AcGenral.DLL
0x00007ffbc18e0000 - 0x00007ffbc1987000 	C:\Windows\system32\msvcrt.dll
0x00007ffbc0d70000 - 0x00007ffbc0d9b000 	C:\Windows\SYSTEM32\SspiCli.dll
0x00007ffbc15c0000 - 0x00007ffbc1611000 	C:\Windows\system32\SHLWAPI.dll
0x00007ffbc21c0000 - 0x00007ffbc2331000 	C:\Windows\system32\USER32.dll
0x00007ffbc1620000 - 0x00007ffbc1798000 	C:\Windows\system32\ole32.dll
0x00007ffbc2800000 - 0x00007ffbc3c17000 	C:\Windows\system32\SHELL32.dll
0x00007ffbc05a0000 - 0x00007ffbc05bf000 	C:\Windows\SYSTEM32\USERENV.dll
0x00007ffbc19f0000 - 0x00007ffbc1a95000 	C:\Windows\system32\ADVAPI32.dll
0x00007ffbb5500000 - 0x00007ffbb551b000 	C:\Windows\SYSTEM32\MPR.dll
0x00007ffbc2660000 - 0x00007ffbc2796000 	C:\Windows\system32\RPCRT4.dll
0x00007ffbc2160000 - 0x00007ffbc21b7000 	C:\Windows\SYSTEM32\sechost.dll
0x00007ffbc1ae0000 - 0x00007ffbc1cb6000 	C:\Windows\SYSTEM32\combase.dll
0x00007ffbc2360000 - 0x00007ffbc24a5000 	C:\Windows\system32\GDI32.dll
0x00007ffbc0f90000 - 0x00007ffbc0fa4000 	C:\Windows\SYSTEM32\profapi.dll
0x00007ffbbf6f0000 - 0x00007ffbbf78f000 	C:\Windows\SYSTEM32\SHCORE.dll
0x00007ffbc1aa0000 - 0x00007ffbc1ad4000 	C:\Windows\system32\IMM32.DLL
0x00007ffbc17a0000 - 0x00007ffbc18d9000 	C:\Windows\system32\MSCTF.dll
0x00007ffbbf2b0000 - 0x00007ffbbf50a000 	C:\Windows\WinSxS\amd64_microsoft.windows.common-controls_6595b64144ccf1df_6.0.9600.17031_none_6242a4b3ecbb55a1\COMCTL32.dll
0x000000005b950000 - 0x000000005ba22000 	C:\Program Files\Java\jre1.8.0_25\bin\msvcr100.dll
0x000000005bb30000 - 0x000000005c38a000 	C:\Program Files\Java\jre1.8.0_25\bin\server\jvm.dll
0x00007ffbbf530000 - 0x00007ffbbf539000 	C:\Windows\SYSTEM32\WSOCK32.dll
0x00007ffbb3970000 - 0x00007ffbb398f000 	C:\Windows\SYSTEM32\WINMM.dll
0x00007ffbc2650000 - 0x00007ffbc2657000 	C:\Windows\system32\PSAPI.DLL
0x00007ffbc1990000 - 0x00007ffbc19e8000 	C:\Windows\system32\WS2_32.dll
0x00007ffbb3940000 - 0x00007ffbb396a000 	C:\Windows\SYSTEM32\WINMMBASE.dll
0x00007ffbc2350000 - 0x00007ffbc2359000 	C:\Windows\system32\NSI.dll
0x00007ffbc1450000 - 0x00007ffbc149a000 	C:\Windows\SYSTEM32\cfgmgr32.dll
0x00007ffbbfe10000 - 0x00007ffbbfe36000 	C:\Windows\SYSTEM32\DEVOBJ.dll
0x000000005bb20000 - 0x000000005bb2f000 	C:\Program Files\Java\jre1.8.0_25\bin\verify.dll
0x000000005baf0000 - 0x000000005bb18000 	C:\Program Files\Java\jre1.8.0_25\bin\java.dll
0x000000005b760000 - 0x000000005b795000 	C:\Program Files\Java\jre1.8.0_25\bin\jdwp.dll
0x000000005b750000 - 0x000000005b758000 	C:\Program Files\Java\jre1.8.0_25\bin\npt.dll
0x000000005bac0000 - 0x000000005bae3000 	C:\Program Files\Java\jre1.8.0_25\bin\instrument.dll
0x000000005baa0000 - 0x000000005bab6000 	C:\Program Files\Java\jre1.8.0_25\bin\zip.dll
0x000000005b740000 - 0x000000005b749000 	C:\Program Files\Java\jre1.8.0_25\bin\dt_socket.dll
0x00007ffbb9070000 - 0x00007ffbb9084000 	C:\Windows\system32\napinsp.dll
0x00007ffbb9050000 - 0x00007ffbb9069000 	C:\Windows\system32\pnrpnsp.dll
0x00007ffbbe900000 - 0x00007ffbbe919000 	C:\Windows\system32\NLAapi.dll
0x00007ffbc07f0000 - 0x00007ffbc0848000 	C:\Windows\System32\mswsock.dll
0x00007ffbc0600000 - 0x00007ffbc06a3000 	C:\Windows\SYSTEM32\DNSAPI.dll
0x00007ffbb9040000 - 0x00007ffbb904c000 	C:\Windows\System32\winrnr.dll
0x00007ffbb9020000 - 0x00007ffbb9033000 	C:\Windows\system32\wshbth.dll
0x00007ffbbc350000 - 0x00007ffbbc3b7000 	C:\Windows\System32\fwpuclnt.dll
0x00007ffbb8a20000 - 0x00007ffbb8a29000 	C:\Windows\System32\rasadhlp.dll
0x000000005b940000 - 0x000000005b94d000 	C:\Program Files\Java\jre1.8.0_25\bin\management.dll
0x000000005ba80000 - 0x000000005ba9a000 	C:\Program Files\Java\jre1.8.0_25\bin\net.dll
0x000000005ba60000 - 0x000000005ba71000 	C:\Program Files\Java\jre1.8.0_25\bin\nio.dll
0x00007ffbbc490000 - 0x00007ffbbc4b9000 	C:\Windows\SYSTEM32\IPHLPAPI.DLL
0x00007ffbbc420000 - 0x00007ffbbc42a000 	C:\Windows\SYSTEM32\WINNSI.DLL
0x00007ffbc0850000 - 0x00007ffbc086e000 	C:\Windows\SYSTEM32\CRYPTSP.dll
0x00007ffbc0490000 - 0x00007ffbc04c5000 	C:\Windows\system32\rsaenh.dll
0x00007ffbc0a80000 - 0x00007ffbc0aa6000 	C:\Windows\SYSTEM32\bcrypt.dll
0x00007ffbc0da0000 - 0x00007ffbc0e00000 	C:\Windows\system32\bcryptprimitives.dll
0x00007ffbc0e00000 - 0x00007ffbc0e0a000 	C:\Windows\SYSTEM32\CRYPTBASE.dll
0x00007ffbbc2d0000 - 0x00007ffbbc2e4000 	C:\Windows\SYSTEM32\dhcpcsvc6.DLL
0x00007ffbbc2b0000 - 0x00007ffbbc2c9000 	C:\Windows\SYSTEM32\dhcpcsvc.DLL
0x00007ffbb9510000 - 0x00007ffbb9698000 	C:\Windows\SYSTEM32\dbghelp.dll

VM Arguments:
jvm_args: -agentlib:jdwp=transport=dt_socket,suspend=y,address=localhost:60835 -Dcom.sun.management.jmxremote -Dcom.sun.management.jmxremote.port=60834 -Dcom.sun.management.jmxremote.authenticate=false -Dcom.sun.management.jmxremote.ssl=false -Djava.rmi.server.hostname=localhost -Dspring.jmx.enabled=true -Dspring.application.admin.enabled=true -Xverify:none -XX:TieredStopAtLevel=1 -Dspring.boot.project.name=02_UserManagementApplication -javaagent:C:\Program Files\sts-4.6.1.RELEASE\configuration\org.eclipse.osgi\245\0\.cp\lib\javaagent-shaded.jar -Dfile.encoding=UTF-8 
java_command: com.app.Application --spring.output.ansi.enabled=always
java_class_path (initial): E:\JRTP_Practice\02_UserManagementApplication\target\classes;C:\Users\Harish Kumar\.m2\repository\org\springframework\boot\spring-boot-starter-data-jpa\2.3.4.RELEASE\spring-boot-starter-data-jpa-2.3.4.RELEASE.jar;C:\Users\Harish Kumar\.m2\repository\org\springframework\boot\spring-boot-starter-aop\2.3.4.RELEASE\spring-boot-starter-aop-2.3.4.RELEASE.jar;C:\Users\Harish Kumar\.m2\repository\org\springframework\spring-aop\5.2.9.RELEASE\spring-aop-5.2.9.RELEASE.jar;C:\Users\Harish Kumar\.m2\repository\org\aspectj\aspectjweaver\1.9.6\aspectjweaver-1.9.6.jar;C:\Users\Harish Kumar\.m2\repository\org\springframework\boot\spring-boot-starter-jdbc\2.3.4.RELEASE\spring-boot-starter-jdbc-2.3.4.RELEASE.jar;C:\Users\Harish Kumar\.m2\repository\com\zaxxer\HikariCP\3.4.5\HikariCP-3.4.5.jar;C:\Users\Harish Kumar\.m2\repository\org\springframework\spring-jdbc\5.2.9.RELEASE\spring-jdbc-5.2.9.RELEASE.jar;C:\Users\Harish Kumar\.m2\repository\jakarta\transaction\jakarta.transaction-api\1.3.3\jakarta.transaction-api-1.3.3.jar;C:\Users\Harish Kumar\.m2\repository\jakarta\persistence\jakarta.persistence-api\2.2.3\jakarta.persistence-api-2.2.3.jar;C:\Users\Harish Kumar\.m2\repository\org\hibernate\hibernate-core\5.4.21.Final\hibernate-core-5.4.21.Final.jar;C:\Users\Harish Kumar\.m2\repository\org\jboss\logging\jboss-logging\3.4.1.Final\jboss-logging-3.4.1.Final.jar;C:\Users\Harish Kumar\.m2\repository\org\javassist\javassist\3.24.0-GA\javassist-3.24.0-GA.jar;C:\Users\Harish Kumar\.m2\repository\net\bytebuddy\byte-buddy\1.10.14\byte-buddy-1.10.14.jar;C:\Users\Harish Kumar\.m2\repository\antlr\antlr\2.7.7\antlr-2.7.7.jar;C:\Users\Harish Kumar\.m2\repository\org\jboss\jandex\2.1.3.Final\jandex-2.1.3.Final.jar;C:\Users\Harish Kumar\.m2\repository\com\fasterxml\classmate\1.5.1\classmate-1.5.1.jar;C:\Users\Harish Kumar\.m2\repository\org\dom4j\dom4j\2.1.3\dom4j-2.1.3.jar;C:\Users\Harish Kumar\.m2\repository\org\hibernate\common\hibernate-commons-annotations\5.1.0.Final
Launcher Type: SUN_STANDARD

Environment Variables:
PATH=C:/Program Files/Java/jre1.8.0_25/bin/server;C:/Program Files/Java/jre1.8.0_25/bin;C:/Program Files/Java/jre1.8.0_25/lib/amd64;C:\ProgramData\Oracle\Java\javapath;C:\Windows\system32;C:\Windows;C:\Windows\System32\Wbem;C:\Windows\System32\WindowsPowerShell\v1.0\;C:\Program Files\Git\cmd;;C:\Program Files\Java\jre1.8.0_25\bin;C:\Program Files\Java\jdk1.8.0_25\bin;E:\Softwares and Files\apache-tomcat-7.0.62.tar\apache-maven-3.5.4-bin\apache-maven-3.5.4\bin;C:\Program Files (x86)\nodejs\;C:\Program Files\MySQL\MySQL Shell 8.0\bin\;C:\Users\Harish Kumar\AppData\Roaming\npm;C:\Users\Harish Kumar\AppData\Local\Programs\Microsoft VS Code\bin;C:\Program Files\sts-4.6.1.RELEASE;
USERNAME=Harish Kumar
OS=Windows_NT
PROCESSOR_IDENTIFIER=Intel64 Family 6 Model 58 Stepping 9, GenuineIntel



---------------  S Y S T E M  ---------------

OS: Windows 8.1 , 64 bit Build 9600 

CPU:total 2 (2 cores per cpu, 2 threads per core) family 6 model 58 stepping 9, cmov, cx8, fxsr, mmx, sse, sse2, sse3, ssse3, sse4.1, sse4.2, popcnt, avx, clmul, erms, ht, tsc, tscinvbit, tscinv

Memory: 4k page, physical 6135204k(1419168k free), swap 25009572k(17498976k free)

vm_info: Java HotSpot(TM) 64-Bit Server VM (25.25-b02) for windows-amd64 JRE (1.8.0_25-b18), built on Oct  7 2014 14:25:37 by "java_re" with MS VC++ 10.0 (VS2010)

time: Mon Oct 12 18:56:51 2020
elapsed time: 112 seconds (0d 0h 1m 52s)

